This is pdfTeX, Version 3.1415926-2.5-1.40.14 (MiKTeX 2.9) (preloaded format=pdflatex 2013.12.8)  6 DEC 2017 13:43
entering extended mode
**H:/Projects/22222/README/README.tex
(H:/Projects/22222/README/README.tex
LaTeX2e <2011/06/27>
Babel <v3.8m> and hyphenation patterns for english, afrikaans, ancientgreek, ar
abic, armenian, assamese, basque, bengali, bokmal, bulgarian, catalan, coptic, 
croatian, czech, danish, dutch, esperanto, estonian, farsi, finnish, french, ga
lician, german, german-x-2013-05-26, greek, gujarati, hindi, hungarian, iceland
ic, indonesian, interlingua, irish, italian, kannada, kurmanji, latin, latvian,
 lithuanian, malayalam, marathi, mongolian, mongolianlmc, monogreek, ngerman, n
german-x-2013-05-26, nynorsk, oriya, panjabi, pinyin, polish, portuguese, roman
ian, russian, sanskrit, serbian, slovak, slovenian, spanish, swedish, swissgerm
an, tamil, telugu, turkish, turkmen, ukenglish, ukrainian, uppersorbian, usengl
ishmax, welsh, loaded.
(H:\Full_TeX\Full_TeX\texmf\tex\latex\base\article.cls
Document Class: article 2007/10/19 v1.4h Standard LaTeX document class
(H:\Full_TeX\Full_TeX\texmf\tex\latex\base\size12.clo
File: size12.clo 2007/10/19 v1.4h Standard LaTeX file (size option)
)
\c@part=\count79
\c@section=\count80
\c@subsection=\count81
\c@subsubsection=\count82
\c@paragraph=\count83
\c@subparagraph=\count84
\c@figure=\count85
\c@table=\count86
\abovecaptionskip=\skip41
\belowcaptionskip=\skip42
\bibindent=\dimen102
)
(H:\Full_TeX\Full_TeX\localtexmf\tex\listok\newlistok.sty
Package: newlistok 2013/10/02 v4.64 Shashkov's list style package

|----------------------------------------------------------------------|
|New package for lists in 57 school. Version: 4.64; Date: 2013/10/02. |
|All questions to Sergey Shashkov, sh57@yandex.ru. Thank you! Be happy!|
|----------------------------------------------------------------------|
(H:\Full_TeX\Full_TeX\texmf\tex\latex\amsfonts\amsfonts.sty
Package: amsfonts 2013/01/14 v3.01 Basic AMSFonts support
\@emptytoks=\toks14
\symAMSa=\mathgroup4
\symAMSb=\mathgroup5
LaTeX Font Info:    Overwriting math alphabet `\mathfrak' in version `bold'
(Font)                  U/euf/m/n --> U/euf/b/n on input line 106.
)
(H:\Full_TeX\Full_TeX\texmf\tex\latex\amsfonts\amssymb.sty
Package: amssymb 2013/01/14 v3.01 AMS font symbols
)
(H:\Full_TeX\Full_TeX\texmf\tex\latex\amsmath\amsmath.sty
Package: amsmath 2013/01/14 v2.14 AMS math features
\@mathmargin=\skip43

For additional information on amsmath, use the `?' option.
(H:\Full_TeX\Full_TeX\texmf\tex\latex\amsmath\amstext.sty
Package: amstext 2000/06/29 v2.01

(H:\Full_TeX\Full_TeX\texmf\tex\latex\amsmath\amsgen.sty
File: amsgen.sty 1999/11/30 v2.0
\@emptytoks=\toks15
\ex@=\dimen103
))
(H:\Full_TeX\Full_TeX\texmf\tex\latex\amsmath\amsbsy.sty
Package: amsbsy 1999/11/29 v1.2d
\pmbraise@=\dimen104
)
(H:\Full_TeX\Full_TeX\texmf\tex\latex\amsmath\amsopn.sty
Package: amsopn 1999/12/14 v2.01 operator names
)
\inf@bad=\count87
LaTeX Info: Redefining \frac on input line 210.
\uproot@=\count88
\leftroot@=\count89
LaTeX Info: Redefining \overline on input line 306.
\classnum@=\count90
\DOTSCASE@=\count91
LaTeX Info: Redefining \ldots on input line 378.
LaTeX Info: Redefining \dots on input line 381.
LaTeX Info: Redefining \cdots on input line 466.
\Mathstrutbox@=\box26
\strutbox@=\box27
\big@size=\dimen105
LaTeX Font Info:    Redeclaring font encoding OML on input line 566.
LaTeX Font Info:    Redeclaring font encoding OMS on input line 567.
\macc@depth=\count92
\c@MaxMatrixCols=\count93
\dotsspace@=\muskip10
\c@parentequation=\count94
\dspbrk@lvl=\count95
\tag@help=\toks16
\row@=\count96
\column@=\count97
\maxfields@=\count98
\andhelp@=\toks17
\eqnshift@=\dimen106
\alignsep@=\dimen107
\tagshift@=\dimen108
\tagwidth@=\dimen109
\totwidth@=\dimen110
\lineht@=\dimen111
\@envbody=\toks18
\multlinegap=\skip44
\multlinetaggap=\skip45
\mathdisplay@stack=\toks19
LaTeX Info: Redefining \[ on input line 2665.
LaTeX Info: Redefining \] on input line 2666.
)
(H:\Full_TeX\Full_TeX\texmf\tex\latex\epsf\epsf.sty
This is `epsf.tex' v2.7.4 <14 February 2011>
\epsffilein=\read1
\epsfframemargin=\dimen112
\epsfframethickness=\dimen113
\epsfrsize=\dimen114
\epsftmp=\dimen115
\epsftsize=\dimen116
\epsfxsize=\dimen117
\epsfysize=\dimen118
\pspoints=\dimen119
) (H:\Full_TeX\Full_TeX\texmf\tex\latex\graphics\graphicx.sty
Package: graphicx 1999/02/16 v1.0f Enhanced LaTeX Graphics (DPC,SPQR)

(H:\Full_TeX\Full_TeX\texmf\tex\latex\graphics\keyval.sty
Package: keyval 1999/03/16 v1.13 key=value parser (DPC)
\KV@toks@=\toks20
)
(H:\Full_TeX\Full_TeX\texmf\tex\latex\graphics\graphics.sty
Package: graphics 2009/02/05 v1.0o Standard LaTeX Graphics (DPC,SPQR)

(H:\Full_TeX\Full_TeX\texmf\tex\latex\graphics\trig.sty
Package: trig 1999/03/16 v1.09 sin cos tan (DPC)
)
(H:\Full_TeX\Full_TeX\texmf\tex\latex\00miktex\graphics.cfg
File: graphics.cfg 2007/01/18 v1.5 graphics configuration of teTeX/TeXLive
)
Package graphics Info: Driver file: pdftex.def on input line 91.

(H:\Full_TeX\Full_TeX\texmf\tex\latex\pdftex-def\pdftex.def
File: pdftex.def 2011/05/27 v0.06d Graphics/color for pdfTeX

(H:\Full_TeX\Full_TeX\texmf\tex\generic\oberdiek\infwarerr.sty
Package: infwarerr 2010/04/08 v1.3 Providing info/warning/error messages (HO)
)
(H:\Full_TeX\Full_TeX\texmf\tex\generic\oberdiek\ltxcmds.sty
Package: ltxcmds 2011/11/09 v1.22 LaTeX kernel commands for general use (HO)
)
\Gread@gobject=\count99
))
\Gin@req@height=\dimen120
\Gin@req@width=\dimen121
)
(H:\Full_TeX\Full_TeX\texmf\tex\latex\xcolor\xcolor.sty
Package: xcolor 2007/01/21 v2.11 LaTeX color extensions (UK)

(H:\Full_TeX\Full_TeX\texmf\tex\latex\00miktex\color.cfg
File: color.cfg 2007/01/18 v1.5 color configuration of teTeX/TeXLive
)
Package xcolor Info: Driver file: pdftex.def on input line 225.
Package xcolor Info: Model `cmy' substituted by `cmy0' on input line 1337.
Package xcolor Info: Model `hsb' substituted by `rgb' on input line 1341.
Package xcolor Info: Model `RGB' extended on input line 1353.
Package xcolor Info: Model `HTML' substituted by `rgb' on input line 1355.
Package xcolor Info: Model `Hsb' substituted by `hsb' on input line 1356.
Package xcolor Info: Model `tHsb' substituted by `hsb' on input line 1357.
Package xcolor Info: Model `HSB' substituted by `hsb' on input line 1358.
Package xcolor Info: Model `Gray' substituted by `gray' on input line 1359.
Package xcolor Info: Model `wave' substituted by `hsb' on input line 1360.
)
(H:\Full_TeX\Full_TeX\texmf\tex\latex\microtype\microtype.sty
Package: microtype 2013/05/23 v2.5a Micro-typographical refinements (RS)
\MT@toks=\toks21
\MT@count=\count100
LaTeX Info: Redefining \textls on input line 766.
\MT@outer@kern=\dimen122
LaTeX Info: Redefining \textmicrotypecontext on input line 1285.
\MT@listname@count=\count101

(H:\Full_TeX\Full_TeX\texmf\tex\latex\microtype\microtype-pdftex.def
File: microtype-pdftex.def 2013/05/23 v2.5a Definitions specific to pdftex (RS)

LaTeX Info: Redefining \lsstyle on input line 915.
LaTeX Info: Redefining \lslig on input line 915.
\MT@outer@space=\skip46
)
Package microtype Info: Loading configuration file microtype.cfg.

(H:\Full_TeX\Full_TeX\texmf\tex\latex\microtype\microtype.cfg
File: microtype.cfg 2013/05/23 v2.5a microtype main configuration file (RS)
))
(H:\Full_TeX\Full_TeX\texmf\tex\latex\framed\framed.sty
Package: framed 2011/10/22 v 0.96: framed or shaded text with page breaks
\OuterFrameSep=\skip47
\fb@frw=\dimen123
\fb@frh=\dimen124
\FrameRule=\dimen125
\FrameSep=\dimen126
)
(H:\Full_TeX\Full_TeX\texmf\tex\latex\base\inputenc.sty
Package: inputenc 2008/03/30 v1.1d Input encoding file
\inpenc@prehook=\toks22
\inpenc@posthook=\toks23

(H:\Full_TeX\Full_TeX\texmf\tex\latex\cyrillic\cp1251.def
File: cp1251.def 1999/11/16 v1.0d Input encoding file
))
(H:\Full_TeX\Full_TeX\texmf\tex\latex\cyrillic\t2aenc.def
File: t2aenc.def 2005/09/27 v1.0i Cyrillic encoding definition file
)
LaTeX Font Info:    Try loading font information for T2A+cmr on input line 45.

(H:\Full_TeX\Full_TeX\texmf\tex\latex\cyrillic\t2acmr.fd
File: t2acmr.fd 2001/08/11 v1.0a Computer Modern Cyrillic font definitions
)
\@hoZ=\skip48
\@omZ=\skip49
\@emZ=\skip50
\@voZ=\skip51
\@tmZ=\skip52
\@hhZ=\skip53
\@hsZ=\skip54
\@twZ=\skip55
\@thZ=\skip56
\@inZ=\skip57
\@oldbls=\skip58
\@oldls=\skip59
\@oldlsl=\skip60
\symrsfs=\mathgroup6
\@tmp=\skip61
\@ttmp=\skip62
\@tttmp=\skip63
\c@problemnum=\count102
\c@itemnum=\count103
\c@definitionnum=\count104
\@graybox=\box28
\@lightgraybox=\box29
\@conduitblock=\box30
\@conduitsave=\box31
\c@@TotalItems=\count105
\c@@TotalProblems=\count106
\c@@studentnum=\count107
\@TableFiller=\toks24
\@TableColumns=\toks25
\@ProblemNumbers=\toks26
\@ItemNumbers=\toks27
\@LogbookTitle=\toks28
\@complexity=\toks29
\@filename=\toks30
\@cell=\toks31
\список=\toks32
\пометка=\toks33
\@xmlTable=\toks34
\@xmlTableW=\toks35
\@cellHeight=\skip64
\@cellWidth=\skip65
\@LogbookHeight=\skip66
\@LogbookWidth=\skip67
\@LogbookBox=\box32
\@dprobl=\count108
\@dpunct=\count109
\@listname=\toks36
\@listsubname=\toks37
\@listnum=\toks38
\@sobnum=\toks39
\@listdate=\toks40
\@star=\toks41
\@impstar=\toks42
\полныйНомер=\toks43
\полныйЗаголовок=\toks44
\полнаяДата=\toks45
\@NewListSkip=\skip68
\звездпробел=\skip69
\@SpaceBeforeItem=\skip70
\@SpaceAfterItem=\skip71
\@strutdepth=\skip72
\@strutheight=\skip73
\c@globalnum=\count110
\lecttitle=\toks46
\lectauthor=\toks47
\c@аксиомаnum=\count111
\c@теоремаnum=\count112
\c@леммаnum=\count113
\c@предложениеnum=\count114
\c@определениеnum=\count115
\c@примерnum=\count116
\c@упражнениеnum=\count117
\c@замечаниеnum=\count118
\c@утверждениеnum=\count119
\c@фактnum=\count120
\c@следствиеnum=\count121
\c@соглашениеnum=\count122
\c@figcount=\count123
\dmvnpicbox=\box33
\dmvnpicborder=\dimen127
\blok=\box34
\blokk=\box35
\copycount=\count124
LaTeX Info: Redefining \ч on input line 2246.
\symrletters=\mathgroup7
LaTeX Font Info:    Overwriting symbol font `rletters' in version `bold'
(Font)                  T2A/cmr/m/it --> T2A/cmr/b/it on input line 2267.
LaTeX Font Info:    Overwriting math alphabet `\mathrm' in version `normal'
(Font)                  OT1/cmr/m/n --> T2A/cmr/m/n on input line 2341.
LaTeX Font Info:    Overwriting math alphabet `\mathrm' in version `bold'
(Font)                  OT1/cmr/bx/n --> T2A/cmr/b/n on input line 2342.
LaTeX Font Info:    Overwriting math alphabet `\mathit' in version `normal'
(Font)                  OT1/cmr/m/it --> T2A/cmr/m/it on input line 2343.
LaTeX Font Info:    Overwriting math alphabet `\mathit' in version `bold'
(Font)                  OT1/cmr/bx/it --> T2A/cmr/b/it on input line 2344.
LaTeX Font Info:    Overwriting math alphabet `\mathbf' in version `normal'
(Font)                  OT1/cmr/bx/n --> T2A/cmr/b/n on input line 2345.
LaTeX Font Info:    Overwriting math alphabet `\mathbf' in version `bold'
(Font)                  OT1/cmr/bx/n --> T2A/cmr/b/n on input line 2346.


 Correcting math definitions,
LaTeX Font Info:    Redeclaring symbol font `AMSa' on input line 2387.
LaTeX Font Info:    Overwriting symbol font `AMSa' in version `normal'
(Font)                  U/msa/m/n --> U/msa/m/n on input line 2387.
LaTeX Font Info:    Overwriting symbol font `AMSa' in version `bold'
(Font)                  U/msa/m/n --> U/msa/m/n on input line 2387.
LaTeX Font Info:    Redeclaring symbol font `AMSb' on input line 2387.
LaTeX Font Info:    Overwriting symbol font `AMSb' in version `normal'
(Font)                  U/msb/m/n --> U/msb/m/n on input line 2387.
LaTeX Font Info:    Overwriting symbol font `AMSb' in version `bold'
(Font)                  U/msb/m/n --> U/msb/m/n on input line 2387.
LaTeX Font Info:    Redeclaring math symbol \varkappa on input line 2388.
LaTeX Font Info:    Redeclaring math symbol \leqslant on input line 2389.
LaTeX Font Info:    Redeclaring math symbol \geqslant on input line 2390.
 heading names, counters, lists,
\c@rlistctr=\count125
 headings,
captions, theorems, running heads, appendix, \cleardoublepage, quotes,
... finished.) (H:\Full_TeX\Full_TeX\texmf\tex\latex\moreverb\moreverb.sty
Package: moreverb 2008/06/03 v2.3a `more' verbatim facilities

(H:\Full_TeX\Full_TeX\texmf\tex\latex\tools\verbatim.sty
Package: verbatim 2003/08/22 v1.5q LaTeX2e package for verbatim enhancements
\every@verbatim=\toks48
\verbatim@line=\toks49
\verbatim@in@stream=\read2
)
\tab@position=\count126
\tab@size=\count127
\listing@line=\count128
)
(H:\Projects\22222\README\README.aux)
LaTeX Font Info:    Checking defaults for OML/cmm/m/it on input line 4.
LaTeX Font Info:    ... okay on input line 4.
LaTeX Font Info:    Checking defaults for T1/cmr/m/n on input line 4.
LaTeX Font Info:    ... okay on input line 4.
LaTeX Font Info:    Checking defaults for OT1/cmr/m/n on input line 4.
LaTeX Font Info:    ... okay on input line 4.
LaTeX Font Info:    Checking defaults for OMS/cmsy/m/n on input line 4.
LaTeX Font Info:    ... okay on input line 4.
LaTeX Font Info:    Checking defaults for OMX/cmex/m/n on input line 4.
LaTeX Font Info:    ... okay on input line 4.
LaTeX Font Info:    Checking defaults for U/cmr/m/n on input line 4.
LaTeX Font Info:    ... okay on input line 4.
LaTeX Font Info:    Checking defaults for T2A/cmr/m/n on input line 4.
LaTeX Font Info:    ... okay on input line 4.

(H:\Full_TeX\Full_TeX\texmf\tex\context\base\supp-pdf.mkii
[Loading MPS to PDF converter (version 2006.09.02).]
\scratchcounter=\count129
\scratchdimen=\dimen128
\scratchbox=\box36
\nofMPsegments=\count130
\nofMParguments=\count131
\everyMPshowfont=\toks50
\MPscratchCnt=\count132
\MPscratchDim=\dimen129
\MPnumerator=\count133
\makeMPintoPDFobject=\count134
\everyMPtoPDFconversion=\toks51
)
LaTeX Info: Redefining \microtypecontext on input line 4.
Package microtype Info: Generating PDF output.
Package microtype Info: Character protrusion enabled (level 2).
Package microtype Info: Using default protrusion set `alltext'.
Package microtype Info: Automatic font expansion enabled (level 2),
(microtype)             stretch: 20, shrink: 20, step: 1, non-selected.
Package microtype Info: Using default expansion set `basictext'.
Package microtype Info: No adjustment of tracking.
Package microtype Info: No adjustment of interword spacing.
Package microtype Info: No adjustment of character kerning.
 (H:\Full_TeX\Full_TeX\texmf\tex\latex\microtype\mt-cmr.cfg
File: mt-cmr.cfg 2013/05/19 v2.2 microtype config. file: Computer Modern Roman 
(RS)
)
LaTeX Font Info:    Try loading font information for T2A+cmtt on input line 14.


(H:\Full_TeX\Full_TeX\texmf\tex\latex\cyrillic\t2acmtt.fd
File: t2acmtt.fd 2001/08/11 v1.0a Computer Modern Cyrillic font definitions
)
Package microtype Info: Loading generic settings for font family
(microtype)             `cmtt' (encoding: T2A).
(microtype)             For optimal results, create family-specific settings.
(microtype)             See the microtype manual for details.
 [1

{H:/Full_TeX/Full_TeX/texmf/pdftex/config/pdftex.map}] (H:\Projects\22222\READM
E\Estar.tex
Overfull \hbox (61.9852pt too wide) in paragraph at lines 11--11
[][][]     \T2A/cmtt/m/n/12 QVBoxLayout *vbl1 = new QVBoxLayout;            // 
 Объединение полей наклона и высоты[] 
 []


Overfull \hbox (55.8117pt too wide) in paragraph at lines 12--12
[][][]     \T2A/cmtt/m/n/12 QVBoxLayout *vbl2 = new QVBoxLayout;            // 
 Объединение полей даты и скорости[] 
 []


Overfull \hbox (142.2406pt too wide) in paragraph at lines 13--13
[][][]     \T2A/cmtt/m/n/12 QVBoxLayout *vbl3 = new QVBoxLayout;            // 
 Объединение полей координат КА и времени работы[] 
 []


Overfull \hbox (308.9249pt too wide) in paragraph at lines 14--14
[][][]     \T2A/cmtt/m/n/12 QVBoxLayout *vbl4 = new QVBoxLayout;            // 
 Объединение кнопки "Построить График" и элемента выбора выводимого графика[] 
 []


Overfull \hbox (216.32251pt too wide) in paragraph at lines 15--15
[][][]     \T2A/cmtt/m/n/12 QVBoxLayout *vbl5 = new QVBoxLayout;            // 
 Объединение объединенного поля информации и поля с кнопками[] 
 []


Overfull \hbox (160.76108pt too wide) in paragraph at lines 16--16
[][][]     \T2A/cmtt/m/n/12 QVBoxLayout *vbl6 = new QVBoxLayout;            // 
 Объединение всех элементов вывода угловой скорости[] 
 []


Overfull \hbox (117.54663pt too wide) in paragraph at lines 17--17
[][][]     \T2A/cmtt/m/n/12 QVBoxLayout *vbl7 = new QVBoxLayout;            // 
 Объединение кнопок "Старт" и "Режим Съемки"[] 
 []


Overfull \hbox (111.06447pt too wide) in paragraph at lines 18--18
[][][]     \T2A/cmtt/m/n/12 QVBoxLayout *vbl8 = new QVBoxLayout;            // 
 Объединение элементов начальной позиции КА[] 
 []


Overfull \hbox (24.94424pt too wide) in paragraph at lines 22--22
[][][]     \T2A/cmtt/m/n/12 QHBoxLayout *hbl2  = new QHBoxLayout;            //
   "Наклон в градусах" и "98"[] 
 []


Overfull \hbox (55.8117pt too wide) in paragraph at lines 23--23
[][][]     \T2A/cmtt/m/n/12 QHBoxLayout *hbl3  = new QHBoxLayout;            //
   "Скорость в км/ч" и "7534.7744"[] 
 []


Overfull \hbox (827.49826pt too wide) in paragraph at lines 24--24
[][][]     \T2A/cmtt/m/n/12 QHBoxLayout *hbl4  = new QHBoxLayout;            //
   Объединение разделов "Параметры орбиты", "Начальные параметры КА", объединен
ных полей координат и времени работы и раздела "Угловая скорость" по горизонтал
и[] 
 []


Overfull \hbox (142.2406pt too wide) in paragraph at lines 25--25
[][][]     \T2A/cmtt/m/n/12 QHBoxLayout *hbl5  = new QHBoxLayout;            //
   Объединение всех элементов, содержащих кнопки[] 
 []


Overfull \hbox (197.80203pt too wide) in paragraph at lines 26--26
[][][]     \T2A/cmtt/m/n/12 QHBoxLayout *hbl6  = new QHBoxLayout;            //
   Объединение полей вывода значений координат КА в J2000[] 
 []


Overfull \hbox (290.09575pt too wide) in paragraph at lines 27--27
[][][]     \T2A/cmtt/m/n/12 QHBoxLayout *hbl7  = new QHBoxLayout;            //
   Объединение полей вывода значений проекций угловой скорости в с.к. КА[] 
 []


Overfull \hbox (329.29742pt too wide) in paragraph at lines 28--28
[][][]     \T2A/cmtt/m/n/12 QHBoxLayout *hbl8  = new QHBoxLayout;            //
   Объединение полей вывода значений проекций угловой скорости в приборной с.к.
[] 
 []


Overfull \hbox (92.54399pt too wide) in paragraph at lines 29--29
[][][]     \T2A/cmtt/m/n/12 QHBoxLayout *hbl9  = new QHBoxLayout;            //
   Объединение полей вывода показаний ИК[] 
 []


Overfull \hbox (37.29123pt too wide) in paragraph at lines 30--30
[][][]     \T2A/cmtt/m/n/12 QHBoxLayout *hbl10 = new QHBoxLayout;            //
   "Широта" и поле для ее ввода[] 
 []


Overfull \hbox (43.46472pt too wide) in paragraph at lines 31--31
[][][]     \T2A/cmtt/m/n/12 QHBoxLayout *hbl11 = new QHBoxLayout;            //
   "Долгота" и поле для ее ввода[] 
 []


Overfull \hbox (148.4141pt too wide) in paragraph at lines 32--32
[][][]     \T2A/cmtt/m/n/12 QHBoxLayout *hbl12 = new QHBoxLayout;            //
   "Текущий поворот по крену" и поле для ее ввода[] 
 []


Overfull \hbox (160.76108pt too wide) in paragraph at lines 33--33
[][][]     \T2A/cmtt/m/n/12 QHBoxLayout *hbl13 = new QHBoxLayout;            //
   "Текущий поворот по тангажу" и поле для ее ввода[] 
 []


Overfull \hbox (203.97552pt too wide) in paragraph at lines 34--34
[][][]     \T2A/cmtt/m/n/12 QHBoxLayout *hbl14  = new QHBoxLayout;            /
/   Объединение полей вывода значений координат КА в J2000[] 
 []


Overfull \hbox (253.36346pt too wide) in paragraph at lines 35--35
[][][]     \T2A/cmtt/m/n/12 QHBoxLayout *hbl15  = new QHBoxLayout;            /
/   Расположение кнопок увеличения и уменьшения скорости обработки[] 
 []

[2]
Overfull \hbox (37.29123pt too wide) in paragraph at lines 67--67
[][][] \T2A/cmtt/m/n/12 // Внесение внутрь раздела окна "Параметры орбиты" объе
диненных полей наклона и высоты[] 
 []


Overfull \hbox (12.59726pt too wide) in paragraph at lines 69--69
[][][]     \T2A/cmtt/m/n/12 gb1->setLayout(vbl1);                        // Вне
сение данных внутрь раздела[] 
 []


Overfull \hbox (17.53606pt too wide) in paragraph at lines 88--88
[][][] \T2A/cmtt/m/n/12 //  Создание элемента задания даты     (В текущей весри
и программы не используется)[] 
 []


Overfull \hbox (247.18997pt too wide) in paragraph at lines 90--90
[][][]     \T2A/cmtt/m/n/12 dateEdit = new QDateTimeEdit(QDateTime::currentDate
Time());                   // Создание элемента ввода вывода даты[] 
 []

[3]
Overfull \hbox (68.15869pt too wide) in paragraph at lines 116--116
[][][] \T2A/cmtt/m/n/12 // Внесение внутрь раздела окна "Начальные параметры КА
" объединенных полей даты и скорости[] 
 []


Overfull \hbox (6.42377pt too wide) in paragraph at lines 118--118
[][][]     \T2A/cmtt/m/n/12 gb2->setLayout(vbl2);                       // Внес
ение данных внутрь раздела[] 
 []


Overfull \hbox (191.62854pt too wide) in paragraph at lines 129--129
[][][] \T2A/cmtt/m/n/12 // Создание полей вывода значений координат КА в J2000,
 задание минимального и максимального размера этих полей[] 
 []


Overfull \hbox (191.62854pt too wide) in paragraph at lines 148--148
[][][] \T2A/cmtt/m/n/12 // Создание полей вывода значений координат КА в J2000,
 задание минимального и максимального размера этих полей[] 
 []

[4]
Overfull \hbox (284.23093pt too wide) in paragraph at lines 182--182
[][][] \T2A/cmtt/m/n/12 // Создание полей вывода значений проекций угловой скор
ости в с.к. КА, задание минимального и максимального размера этих полей[] 
 []


Overfull \hbox (327.44537pt too wide) in paragraph at lines 197--197
[][][] \T2A/cmtt/m/n/12 // Создание полей вывода значений проекций угловой скор
ости в приборной с.к., задание минимального и максимального размера этих полей[
] 
 []

[5]
Overfull \hbox (43.46472pt too wide) in paragraph at lines 208--208
[][][] \T2A/cmtt/m/n/12 // Объединение полей вывода значений проекций угловой с
корости в с.к. КА по горизонтали[] 
 []


Overfull \hbox (86.67917pt too wide) in paragraph at lines 213--213
[][][] \T2A/cmtt/m/n/12 // Объединение полей вывода значений проекций угловой с
корости в приборной с.к. по горизонтали[] 
 []


Overfull \hbox (86.67917pt too wide) in paragraph at lines 222--222
[][][] \T2A/cmtt/m/n/12 // Создание полей вывода показаний ИК, задание минималь
ного и максимального размера этих полей[] 
 []


Overfull \hbox (105.19965pt too wide) in paragraph at lines 250--250
[][][] \T2A/cmtt/m/n/12 // Внесение внутрь раздела окна "Угловая скорость" объе
диненных элементов вывода угловой скорости[] 
 []


Overfull \hbox (37.29123pt too wide) in paragraph at lines 252--252
[][][]    \T2A/cmtt/m/n/12 gb4->setLayout(vbl6);                             //
 Внесение данных внутрь раздела[] 
 []


Overfull \hbox (487.95618pt too wide) in paragraph at lines 255--255
[][][] \T2A/cmtt/m/n/12 // Объединение разделов "Параметры орбиты", "Начальные 
параметры КА", объединенных полей координат и времени работы и раздела "Угловая
 скорость" по горизонтали[] 
 []

[6]
Overfull \hbox (296.57791pt too wide) in paragraph at lines 274--274
[][][]    \T2A/cmtt/m/n/12 GraphList << "В системе КА" << "В приборной системе"
 << "Измерительные каналы";                  // Создание списка вариантов[] 
 []


Overfull \hbox (290.40442pt too wide) in paragraph at lines 275--275
[][][]    \T2A/cmtt/m/n/12 GraphView = new QComboBox;                          
                                             // Создание элемента выбора[] 
 []


Overfull \hbox (389.1803pt too wide) in paragraph at lines 276--276
[][][]    \T2A/cmtt/m/n/12 GraphView->addItems(GraphList);                     
                                             // Добавление списка внутрь элемен
та выбора[] 
 []


Overfull \hbox (463.2622pt too wide) in paragraph at lines 277--277
[][][]    \T2A/cmtt/m/n/12 GraphView->setCurrentIndex(0);                      
                                             // Задания выбора по умолчанию в п
озиции "В системе КА"[] 
 []


Overfull \hbox (61.9852pt too wide) in paragraph at lines 279--279
[][][] \T2A/cmtt/m/n/12 // Объединение кнопки "Построить График" и элемента выб
ора выводимого графика по вертикали[] 
 []


Overfull \hbox (420.04776pt too wide) in paragraph at lines 283--283
[][][] \T2A/cmtt/m/n/12 // Внесение внутрь раздела окна "Графики угловых скорос
тей" объединенных кнопки "Построить график" и элемента выбора выводимого график
а по вертикали[] 
 []


Overfull \hbox (31.11774pt too wide) in paragraph at lines 285--285
[][][]    \T2A/cmtt/m/n/12 gb3->setLayout(vbl4);                            // 
Внесение данных внутрь раздела[] 
 []


Overfull \hbox (35.43918pt too wide) in paragraph at lines 303--303
[][][]    \T2A/cmtt/m/n/12 QObject::connect(QuitButton,&QPushButton::clicked,th
is,&Estar::QuitButton_clicked);[] 
 []


Overfull \hbox (47.78616pt too wide) in paragraph at lines 304--304
[][][]    \T2A/cmtt/m/n/12 QObject::connect(StartButton,&QPushButton::clicked,t
his,&Estar::StartButton_clicked);[] 
 []


Overfull \hbox (47.78616pt too wide) in paragraph at lines 305--305
[][][]    \T2A/cmtt/m/n/12 QObject::connect(PauseButton,&QPushButton::clicked,t
his,&Estar::PauseButton_clicked);[] 
 []


Overfull \hbox (35.43918pt too wide) in paragraph at lines 306--306
[][][]    \T2A/cmtt/m/n/12 QObject::connect(StopButton,&QPushButton::clicked,th
is,&Estar::StopButton_clicked);[] 
 []

[7]
Overfull \hbox (47.78616pt too wide) in paragraph at lines 307--307
[][][]    \T2A/cmtt/m/n/12 QObject::connect(GraphButton,&QPushButton::clicked,t
his,&Estar::GraphButton_clicked);[] 
 []


Overfull \hbox (60.13315pt too wide) in paragraph at lines 308--308
[][][]    \T2A/cmtt/m/n/12 QObject::connect(MotionButton,&QPushButton::clicked,
this,&Estar::MotionButton_clicked);[] 
 []


Overfull \hbox (154.58759pt too wide) in paragraph at lines 310--310
[][][] \T2A/cmtt/m/n/12 // Создание элементов для графического окна, дополнител
ьного потока, диалогового окна и расчетного класса[] 
 []

) [8] (H:\Projects\22222\README\README.aux) ) 
Here is how much of TeX's memory you used:
 5723 strings out of 493921
 72713 string characters out of 3150556
 186493 words of memory out of 3000000
 8962 multiletter control sequences out of 15000+200000
 9998 words of font info for 31 fonts, out of 3000000 for 9000
 841 hyphenation exceptions out of 8191
 37i,5n,37p,294b,257s stack positions out of 5000i,500n,10000p,200000b,50000s
{H:/Full_TeX/Full_TeX/texmf/fonts/
enc/dvips/cm-super/cm-super-t2a.enc}<H:/Full_TeX/Full_TeX/texmf/fonts/type1/pub
lic/cm-super/sfrb1440.pfb><H:/Full_TeX/Full_TeX/texmf/fonts/type1/public/cm-sup
er/sfrb1728.pfb><H:/Full_TeX/Full_TeX/texmf/fonts/type1/public/cm-super/sfrm109
5.pfb><H:/Full_TeX/Full_TeX/texmf/fonts/type1/public/cm-super/sfrm1200.pfb><H:/
Full_TeX/Full_TeX/texmf/fonts/type1/public/cm-super/sftt1200.pfb>
Output written on README.pdf (8 pages, 134675 bytes).
PDF statistics:
 55 PDF objects out of 1000 (max. 8388607)
 0 named destinations out of 1000 (max. 500000)
 8705 words of extra memory for PDF output out of 10000 (max. 10000000)

